This is LuaHBTeX, Version 1.17.0 (TeX Live 2023/nixos.org)  (format=lualatex 1980.1.1)  19 APR 2025 19:00
 restricted system commands enabled.
 file:line:error style messages enabled.
**main.tex
(./main.tex
LaTeX2e <2023-11-01> patch level 1
L3 programming layer <2024-02-20>
Lua module: luaotfload 2024-02-14 3.28 Lua based OpenType font support
Lua module: lualibs 2023-07-13 2.76 ConTeXt Lua standard libraries.
Lua module: lualibs-extended 2023-07-13 2.76 ConTeXt Lua libraries -- extended collection.
luaotfload | conf : Root cache directory is "/home/maruda/.texlive2023/texmf-var/luatex-cache/generic/names".
luaotfload | init : Loading fontloader "fontloader-2023-12-28.lua" from kpse-resolved path "/nix/store/s1awgirjjjx9q784fbncpzr9z75mllx2-texlive-combined-full-2023-final-texmfdist/tex/luatex/luaotfload/fontloader-2023-12-28.lua".
Lua-only attribute luaotfload@noligature = 1
luaotfload | init : Context OpenType loader version 3.134
Inserting `luaotfload.node_processor' in `pre_linebreak_filter'.
Inserting `luaotfload.node_processor' in `hpack_filter'.
Inserting `luaotfload.glyph_stream' in `glyph_stream_provider'.
Inserting `luaotfload.define_font' in `define_font'.
Lua-only attribute luaotfload_color_attribute = 2
luaotfload | conf : Root cache directory is "/home/maruda/.texlive2023/texmf-var/luatex-cache/generic/names".
Inserting `luaotfload.harf.strip_prefix' in `find_opentype_file'.
Inserting `luaotfload.harf.strip_prefix' in `find_truetype_file'.
Removing  `luaotfload.glyph_stream' from `glyph_stream_provider'.
Inserting `luaotfload.harf.glyphstream' in `glyph_stream_provider'.
Inserting `luaotfload.harf.finalize_vlist' in `post_linebreak_filter'.
Inserting `luaotfload.harf.finalize_hlist' in `hpack_filter'.
Inserting `luaotfload.cleanup_files' in `wrapup_run'.
Inserting `luaotfload.harf.finalize_unicode' in `finish_pdffile'.
Inserting `luaotfload.glyphinfo' in `glyph_info'.
Lua-only attribute luaotfload.letterspace_done = 3
Inserting `luaotfload.aux.set_sscale_dimens' in `luaotfload.patch_font'.
Inserting `luaotfload.aux.set_font_index' in `luaotfload.patch_font'.
Inserting `luaotfload.aux.patch_cambria_domh' in `luaotfload.patch_font'.
Inserting `luaotfload.aux.fixup_fontdata' in `luaotfload.patch_font_unsafe'.
Inserting `luaotfload.aux.set_capheight' in `luaotfload.patch_font'.
Inserting `luaotfload.aux.set_xheight' in `luaotfload.patch_font'.
Inserting `luaotfload.rewrite_fontname' in `luaotfload.patch_font'.
Inserting `tracingstacklevels' in `input_level_string'. (/nix/store/s1awgirjjjx9q784fbncpzr9z75mllx2-texlive-combined-full-2023-final-texmfdist/tex/latex/base/book.cls
Document Class: book 2023/05/17 v1.4n Standard LaTeX document class
(/nix/store/s1awgirjjjx9q784fbncpzr9z75mllx2-texlive-combined-full-2023-final-texmfdist/tex/latex/base/bk10.clo
File: bk10.clo 2023/05/17 v1.4n Standard LaTeX file (size option)
luaotfload | db : Font names database loaded from /home/maruda/.texlive2023/texmf-var/luatex-cache/generic/names/luaotfload-names.luc.gz)
\c@part=\count186
\c@chapter=\count187
\c@section=\count188
\c@subsection=\count189
\c@subsubsection=\count190
\c@paragraph=\count191
\c@subparagraph=\count192
\c@figure=\count193
\c@table=\count194
\abovecaptionskip=\skip48
\belowcaptionskip=\skip49
\bibindent=\dimen139
) (./template.sty
Package: template 
 (/nix/store/s1awgirjjjx9q784fbncpzr9z75mllx2-texlive-combined-full-2023-final-texmfdist/tex/latex/base/fontenc.sty
Package: fontenc 2021/04/29 v2.0v Standard LaTeX package
LaTeX Font Info:    Trying to load font information for T1+lmr on input line 112.
 (/nix/store/s1awgirjjjx9q784fbncpzr9z75mllx2-texlive-combined-full-2023-final-texmfdist/tex/latex/lm/t1lmr.fd
File: t1lmr.fd 2015/05/01 v1.6.1 Font defs for Latin Modern
)) (/nix/store/s1awgirjjjx9q784fbncpzr9z75mllx2-texlive-combined-full-2023-final-texmfdist/tex/latex/fontspec/fontspec.sty (/nix/store/s1awgirjjjx9q784fbncpzr9z75mllx2-texlive-combined-full-2023-final-texmfdist/tex/latex/l3packages/xparse/xparse.sty (/nix/store/s1awgirjjjx9q784fbncpzr9z75mllx2-texlive-combined-full-2023-final-texmfdist/tex/latex/l3kernel/expl3.sty
Package: expl3 2024-02-20 L3 programming layer (loader) 
 (/nix/store/s1awgirjjjx9q784fbncpzr9z75mllx2-texlive-combined-full-2023-final-texmfdist/tex/latex/l3backend/l3backend-luatex.def
File: l3backend-luatex.def 2024-02-20 L3 backend support: PDF output (LuaTeX)
\l__color_backend_stack_int=\count195
Inserting `l3color' in `luaotfload.parse_color'.
\l__pdf_internal_box=\box51
))
Package: xparse 2024-02-18 L3 Experimental document command parser
)
Package: fontspec 2024/02/13 v2.9a Font selection for XeLaTeX and LuaLaTeX
Lua module: fontspec 2024/02/13 2.9a Font selection for XeLaTeX and LuaLaTeX (/nix/store/s1awgirjjjx9q784fbncpzr9z75mllx2-texlive-combined-full-2023-final-texmfdist/tex/latex/fontspec/fontspec-luatex.sty
Package: fontspec-luatex 2024/02/13 v2.9a Font selection for XeLaTeX and LuaLaTeX
\l__fontspec_script_int=\count196
\l__fontspec_language_int=\count197
\l__fontspec_strnum_int=\count198
\l__fontspec_tmp_int=\count199
\l__fontspec_tmpa_int=\count266
\l__fontspec_tmpb_int=\count267
\l__fontspec_tmpc_int=\count268
\l__fontspec_em_int=\count269
\l__fontspec_emdef_int=\count270
\l__fontspec_strong_int=\count271
\l__fontspec_strongdef_int=\count272
\l__fontspec_tmpa_dim=\dimen140
\l__fontspec_tmpb_dim=\dimen141
\l__fontspec_tmpc_dim=\dimen142
 (/nix/store/s1awgirjjjx9q784fbncpzr9z75mllx2-texlive-combined-full-2023-final-texmfdist/tex/latex/base/fontenc.sty
Package: fontenc 2021/04/29 v2.0v Standard LaTeX package
) (/nix/store/s1awgirjjjx9q784fbncpzr9z75mllx2-texlive-combined-full-2023-final-texmfdist/tex/latex/fontspec/fontspec.cfg))) (/nix/store/s1awgirjjjx9q784fbncpzr9z75mllx2-texlive-combined-full-2023-final-texmfdist/tex/latex/float/float.sty
Package: float 2001/11/08 v1.3d Float enhancements (AL)
\c@float@type=\count273
\float@exts=\toks17
\float@box=\box52
\@float@everytoks=\toks18
\@floatcapt=\box53
) (/nix/store/s1awgirjjjx9q784fbncpzr9z75mllx2-texlive-combined-full-2023-final-texmfdist/tex/latex/cantarell/cantarell.sty
Package: cantarell 2019/06/20 Style file for Cantarell.
 (/nix/store/s1awgirjjjx9q784fbncpzr9z75mllx2-texlive-combined-full-2023-final-texmfdist/tex/latex/fontaxes/fontaxes.sty
Package: fontaxes 2020/07/21 v1.0e Font selection axes
LaTeX Info: Redefining \upshape on input line 29.
LaTeX Info: Redefining \itshape on input line 31.
LaTeX Info: Redefining \slshape on input line 33.
LaTeX Info: Redefining \swshape on input line 35.
LaTeX Info: Redefining \scshape on input line 37.
LaTeX Info: Redefining \sscshape on input line 39.
LaTeX Info: Redefining \ulcshape on input line 41.
LaTeX Info: Redefining \textsw on input line 47.
LaTeX Info: Redefining \textssc on input line 48.
LaTeX Info: Redefining \textulc on input line 49.
) (/nix/store/s1awgirjjjx9q784fbncpzr9z75mllx2-texlive-combined-full-2023-final-texmfdist/tex/generic/iftex/ifluatex.sty
Package: ifluatex 2019/10/25 v1.5 ifluatex legacy package. Use iftex instead.
 (/nix/store/s1awgirjjjx9q784fbncpzr9z75mllx2-texlive-combined-full-2023-final-texmfdist/tex/generic/iftex/iftex.sty
Package: iftex 2022/02/03 v1.0f TeX engine tests
)) (/nix/store/s1awgirjjjx9q784fbncpzr9z75mllx2-texlive-combined-full-2023-final-texmfdist/tex/generic/iftex/ifxetex.sty
Package: ifxetex 2019/10/25 v0.7 ifxetex legacy package. Use iftex instead.
)
(/nix/store/s1awgirjjjx9q784fbncpzr9z75mllx2-texlive-combined-full-2023-final-texmfdist/tex/latex/xkeyval/xkeyval.sty
Package: xkeyval 2022/06/16 v2.9 package option processing (HA)
 (/nix/store/s1awgirjjjx9q784fbncpzr9z75mllx2-texlive-combined-full-2023-final-texmfdist/tex/generic/xkeyval/xkeyval.tex (/nix/store/s1awgirjjjx9q784fbncpzr9z75mllx2-texlive-combined-full-2023-final-texmfdist/tex/generic/xkeyval/xkvutils.tex
\XKV@toks=\toks19
\XKV@tempa@toks=\toks20
 (/nix/store/s1awgirjjjx9q784fbncpzr9z75mllx2-texlive-combined-full-2023-final-texmfdist/tex/generic/xkeyval/keyval.tex))
\XKV@depth=\count274
File: xkeyval.tex 2014/12/03 v2.7a key=value parser (HA)
))

Package fontspec Info: Cantarell-Regular scale = 1.


Package fontspec Info: Cantarell-Thin scale = 1.

luaotfload | aux : font no 20